2025-07-21 20:45:16 - GET /api/v3/klines?symbol=BTCUSDT&interval=15m
2025-07-21 20:47:05 - GET /api/v3/time
2025-07-21 20:49:38 - GET /api/v3/time
2025-07-21 21:05:14 - GET /api/v3/exchangeInfo
2025-07-21 21:05:32 - GET /api/v3/exchangeInfo
2025-07-21 21:06:43 - GET /exchangeInfo
2025-07-21 21:08:35 - GET /api/v3/exchangeInfo
2025-07-22 16:44:10 - GET /api/v3/exchangeInfo
2025-07-22 16:50:01 - GET /api/v3/time
2025-07-22 16:53:29 - GET /api/v3/exchangeInfo
2025-07-26 17:25:37 - GET /api/v3/klines?symbol=BTCUSDT&interval=15m
2025-07-26 17:26:03 - GET /api/v3/time
2025-07-26 17:35:00 - GET /api/v3/time
2025-07-26 17:35:10 - GET /api/v3/time
2025-07-26 17:39:55 - GET /api/v3/time
2025-07-26 18:02:48 - GET /api/v3/time
2025-07-26 18:03:08 - GET /api/v3/exchangeInfo
2025-07-26 18:04:32 - GET /api/v3/time
2025-07-26 18:04:33 - GET /favicon.ico
2025-07-26 20:15:42 - GET /api/v3/klines?symbol=BTCUSDT&interval=15m
2025-07-26 20:15:56 - GET /api/v3/klines?symbol=BTCUSDT&interval=1m
2025-07-26 20:16:09 - GET /api/v3/klines?symbol=LTCUSDT&interval=15m
2025-07-26 20:21:39 - GET /api/v3/exchangeInfo
2025-07-26 20:22:46 - GET /exchangeInfo
2025-07-27 21:48:10 - GET /api/v3/exchangeInfo
2025-07-27 21:49:29 - GET /api/v3/klines?symbol=BTCUSDT&interval=15m
